# JRE version: OpenJDK Runtime Environment Temurin-17.0.6+10 (17.0.6+10) (build 17.0.6+10)
# Java VM: OpenJDK 64-Bit Server VM Temurin-17.0.6+10 (17.0.6+10, mixed mode, emulated-client, tiered, compressed oops, compressed class ptrs, g1 gc, windows-amd64)
GC Precious Log:
 CPUs: 4 total, 4 available
 Memory: 3930M
 Large Page Support: Disabled
 NUMA Support: Disabled
 Compressed Oops: Enabled (32-bit)
 Heap Region Size: 1M
 Heap Min Capacity: 8M
 Heap Initial Capacity: 62M
 Heap Max Capacity: 984M
 Pre-touch: Disabled
 Parallel Workers: 4
 Concurrent Workers: 1
 Concurrent Refinement Workers: 4
 Periodic GC: Disabled
Heap:
 garbage-first heap   total 37888K, used 25553K [0x00000000c2800000, 0x0000000100000000)
  region size 1024K, 9 young (9216K), 2 survivors (2048K)
 Metaspace       used 46472K, committed 46912K, reserved 1089536K
  class space    used 6069K, committed 6272K, reserved 1048576K
GC Heap History (20 events):
Event: 4.008 GC heap before
{Heap before GC invocations=6 (full 0):
 garbage-first heap   total 37888K, used 10658K [0x00000000c2800000, 0x0000000100000000)
  region size 1024K, 5 young (5120K), 4 survivors (4096K)
 Metaspace       used 25947K, committed 26176K, reserved 1073152K
  class space    used 3181K, committed 3264K, reserved 1048576K
}
Event: 4.014 GC heap after
{Heap after GC invocations=7 (full 0):
 garbage-first heap   total 37888K, used 10747K [0x00000000c2800000, 0x0000000100000000)
  region size 1024K, 1 young (1024K), 1 survivors (1024K)
 Metaspace       used 25947K, committed 26176K, reserved 1073152K
  class space    used 3181K, committed 3264K, reserved 1048576K
}
Event: 4.553 GC heap before
{Heap before GC invocations=7 (full 0):
 garbage-first heap   total 37888K, used 24059K [0x00000000c2800000, 0x0000000100000000)
  region size 1024K, 15 young (15360K), 1 survivors (1024K)
 Metaspace       used 28667K, committed 28992K, reserved 1081344K
  class space    used 3487K, committed 3648K, reserved 1048576K
}
Event: 4.556 GC heap after
{Heap after GC invocations=8 (full 0):
 garbage-first heap   total 37888K, used 11587K [0x00000000c2800000, 0x0000000100000000)
  region size 1024K, 2 young (2048K), 2 survivors (2048K)
 Metaspace       used 28667K, committed 28992K, reserved 1081344K
  class space    used 3487K, committed 3648K, reserved 1048576K
}
Event: 5.136 GC heap before
{Heap before GC invocations=8 (full 0):
 garbage-first heap   total 37888K, used 24899K [0x00000000c2800000, 0x0000000100000000)
  region size 1024K, 16 young (16384K), 2 survivors (2048K)
 Metaspace       used 30137K, committed 30464K, reserved 1081344K
  class space    used 3727K, committed 3904K, reserved 1048576K
}
Event: 5.139 GC heap after
{Heap after GC invocations=9 (full 0):
 garbage-first heap   total 37888K, used 12492K [0x00000000c2800000, 0x0000000100000000)
  region size 1024K, 1 young (1024K), 1 survivors (1024K)
 Metaspace       used 30137K, committed 30464K, reserved 1081344K
  class space    used 3727K, committed 3904K, reserved 1048576K
}
Event: 6.135 GC heap before
{Heap before GC invocations=9 (full 0):
 garbage-first heap   total 37888K, used 26828K [0x00000000c2800000, 0x0000000100000000)
  region size 1024K, 15 young (15360K), 1 survivors (1024K)
 Metaspace       used 32111K, committed 32448K, reserved 1081344K
  class space    used 4014K, committed 4160K, reserved 1048576K
}
Event: 6.140 GC heap after
{Heap after GC invocations=10 (full 0):
 garbage-first heap   total 37888K, used 13475K [0x00000000c2800000, 0x0000000100000000)
  region size 1024K, 2 young (2048K), 2 survivors (2048K)
 Metaspace       used 32111K, committed 32448K, reserved 1081344K
  class space    used 4014K, committed 4160K, reserved 1048576K
}
Event: 7.020 GC heap before
{Heap before GC invocations=10 (full 0):
 garbage-first heap   total 37888K, used 27811K [0x00000000c2800000, 0x0000000100000000)
  region size 1024K, 16 young (16384K), 2 survivors (2048K)
 Metaspace       used 34198K, committed 34496K, reserved 1081344K
  class space    used 4351K, committed 4480K, reserved 1048576K
}
Event: 7.025 GC heap after
{Heap after GC invocations=11 (full 0):
 garbage-first heap   total 37888K, used 14649K [0x00000000c2800000, 0x0000000100000000)
  region size 1024K, 2 young (2048K), 2 survivors (2048K)
 Metaspace       used 34198K, committed 34496K, reserved 1081344K
  class space    used 4351K, committed 4480K, reserved 1048576K
}
Event: 7.372 GC heap before
{Heap before GC invocations=11 (full 0):
 garbage-first heap   total 37888K, used 21817K [0x00000000c2800000, 0x0000000100000000)
  region size 1024K, 10 young (10240K), 2 survivors (2048K)
 Metaspace       used 35518K, committed 35968K, reserved 1081344K
  class space    used 4554K, committed 4736K, reserved 1048576K
}
Event: 7.378 GC heap after
{Heap after GC invocations=12 (full 0):
 garbage-first heap   total 37888K, used 15654K [0x00000000c2800000, 0x0000000100000000)
  region size 1024K, 1 young (1024K), 1 survivors (1024K)
 Metaspace       used 35518K, committed 35968K, reserved 1081344K
  class space    used 4554K, committed 4736K, reserved 1048576K
}
Event: 7.862 GC heap before
{Heap before GC invocations=13 (full 0):
 garbage-first heap   total 37888K, used 27942K [0x00000000c2800000, 0x0000000100000000)
  region size 1024K, 13 young (13312K), 1 survivors (1024K)
 Metaspace       used 37312K, committed 37696K, reserved 1089536K
  class space    used 4809K, committed 4992K, reserved 1048576K
}
Event: 7.866 GC heap after
{Heap after GC invocations=14 (full 0):
 garbage-first heap   total 37888K, used 16999K [0x00000000c2800000, 0x0000000100000000)
  region size 1024K, 2 young (2048K), 2 survivors (2048K)
 Metaspace       used 37312K, committed 37696K, reserved 1089536K
  class space    used 4809K, committed 4992K, reserved 1048576K
}
Event: 8.293 GC heap before
{Heap before GC invocations=14 (full 0):
 garbage-first heap   total 37888K, used 29287K [0x00000000c2800000, 0x0000000100000000)
  region size 1024K, 14 young (14336K), 2 survivors (2048K)
 Metaspace       used 38886K, committed 39424K, reserved 1089536K
  class space    used 5015K, committed 5248K, reserved 1048576K
}
Event: 8.300 GC heap after
{Heap after GC invocations=15 (full 0):
 garbage-first heap   total 37888K, used 18018K [0x00000000c2800000, 0x0000000100000000)
  region size 1024K, 1 young (1024K), 1 survivors (1024K)
 Metaspace       used 38886K, committed 39424K, reserved 1089536K
  class space    used 5015K, committed 5248K, reserved 1048576K
}
Event: 8.772 GC heap before
{Heap before GC invocations=15 (full 0):
 garbage-first heap   total 37888K, used 29282K [0x00000000c2800000, 0x0000000100000000)
  region size 1024K, 12 young (12288K), 1 survivors (1024K)
 Metaspace       used 41734K, committed 42240K, reserved 1089536K
  class space    used 5434K, committed 5696K, reserved 1048576K
}
Event: 8.776 GC heap after
{Heap after GC invocations=16 (full 0):
 garbage-first heap   total 37888K, used 18651K [0x00000000c2800000, 0x0000000100000000)
  region size 1024K, 2 young (2048K), 2 survivors (2048K)
 Metaspace       used 41734K, committed 42240K, reserved 1089536K
  class space    used 5434K, committed 5696K, reserved 1048576K
}
Event: 9.202 GC heap before
{Heap before GC invocations=17 (full 0):
 garbage-first heap   total 37888K, used 28891K [0x00000000c2800000, 0x0000000100000000)
  region size 1024K, 13 young (13312K), 2 survivors (2048K)
 Metaspace       used 44606K, committed 45056K, reserved 1089536K
  class space    used 5876K, committed 6080K, reserved 1048576K
}
Event: 9.206 GC heap after
{Heap after GC invocations=18 (full 0):
 garbage-first heap   total 37888K, used 19409K [0x00000000c2800000, 0x0000000100000000)
  region size 1024K, 2 young (2048K), 2 survivors (2048K)
 Metaspace       used 44606K, committed 45056K, reserved 1089536K
  class space    used 5876K, committed 6080K, reserved 1048576K
}

